#
# There is insufficient memory for the Java Runtime Environment to continue.
# Native memory allocation (malloc) failed to allocate 1048576 bytes for AllocateHeap
# Possible reasons:
#   The system is out of physical RAM or swap space
#   The process is running with CompressedOops enabled, and the Java Heap may be blocking the growth of the native heap
# Possible solutions:
#   Reduce memory load on the system
#   Increase physical memory or swap space
#   Check if swap backing store is full
#   Decrease Java heap size (-Xmx/-Xms)
#   Decrease number of Java threads
#   Decrease Java thread stack sizes (-Xss)
#   Set larger code cache with -XX:ReservedCodeCacheSize=
#   JVM is running with Zero Based Compressed Oops mode in which the Java heap is
#     placed in the first 32GB address space. The Java Heap base address is the
#     maximum limit for the native heap growth. Please use -XX:HeapBaseMinAddress
#     to set the Java Heap base and to place the Java Heap above 32GB virtual address.
# This output file may be truncated or incomplete.
#
#  Out of Memory Error (memory/allocation.inline.hpp:61), pid=40364, tid=0x000000000000a930
#
# JRE version:  (8.0_402-b08) (build )
# Java VM: OpenJDK 64-Bit Server VM (25.402-b08 mixed mode windows-amd64 compressed oops)
# Failed to write core dump. Minidumps are not enabled by default on client versions of Windows
#

---------------  T H R E A D  ---------------

Current thread (0x0000025fa5c59800):  JavaThread "Unknown thread" [_thread_in_vm, id=43312, stack(0x000000f33b100000,0x000000f33b200000)]

Stack: [0x000000f33b100000,0x000000f33b200000]
[error occurred during error reporting (printing stack bounds), id 0xc0000005]

Native frames: (J=compiled Java code, j=interpreted, Vv=VM code, C=native code)


---------------  P R O C E S S  ---------------

Java Threads: ( => current thread )

Other Threads:

=>0x0000025fa5c59800 (exited) JavaThread "Unknown thread" [_thread_in_vm, id=43312, stack(0x000000f33b100000,0x000000f33b200000)]

VM state:not at safepoint (normal execution)

VM Mutex/Monitor currently owned by a thread: None

heap address: 0x00000006c5e00000, size: 4002 MB, Compressed Oops mode: Zero based, Oop shift amount: 3
Narrow klass base: 0x0000000000000000, Narrow klass shift: 3
Compressed class space size: 1073741824 Address: 0x00000007c0000000

Heap:
 PSYoungGen      total 75264K, used 1290K [0x000000076ca00000, 0x0000000771e00000, 0x00000007c0000000)
  eden space 64512K, 2% used [0x000000076ca00000,0x000000076cb42900,0x0000000770900000)
  from space 10752K, 0% used [0x0000000771380000,0x0000000771380000,0x0000000771e00000)
  to   space 10752K, 0% used [0x0000000770900000,0x0000000770900000,0x0000000771380000)
 ParOldGen       total 172032K, used 0K [0x00000006c5e00000, 0x00000006d0600000, 0x000000076ca00000)
  object space 172032K, 0% used [0x00000006c5e00000,0x00000006c5e00000,0x00000006d0600000)
 Metaspace       used 779K, capacity 4480K, committed 4480K, reserved 1056768K
  class space    used 76K, capacity 384K, committed 384K, reserved 1048576K

Card table byte_map: [0x0000025fb6b60000,0x0000025fb7340000] byte_map_base: 0x0000025fb3531000

Marking Bits: (ParMarkBitMap*) 0x000000005c723810
 Begin Bits: [0x0000025fb7880000, 0x0000025fbb708000)
 End Bits:   [0x0000025fbb708000, 0x0000025fbf590000)

Polling page: 0x0000025fa7770000

CodeCache: size=245760Kb used=328Kb max_used=328Kb free=245431Kb
 bounds [0x0000025fa77a0000, 0x0000025fa7a10000, 0x0000025fb67a0000]
 total_blobs=57 nmethods=0 adapters=38
 compilation: enabled

Compilation events (0 events):
No events

GC Heap History (0 events):
No events

Deoptimization events (0 events):
No events

Classes redefined (0 events):
No events

Internal exceptions (0 events):
No events

Events (10 events):
Event: 0.011 loading class java/lang/Short
Event: 0.011 loading class java/lang/Short done
Event: 0.011 loading class java/lang/Integer
Event: 0.011 loading class java/lang/Integer done
Event: 0.011 loading class java/lang/Long
Event: 0.011 loading class java/lang/Long done
Event: 0.011 loading class java/lang/NullPointerException
Event: 0.011 loading class java/lang/NullPointerException done
Event: 0.011 loading class java/lang/ArithmeticException
Event: 0.011 loading class java/lang/ArithmeticException done


Dynamic libraries:
0x00007ff609410000 - 0x00007ff609456000 	C:\Users\szl\.jdks\corretto-1.8.0_402\bin\java.exe
0x00007ffc76450000 - 0x00007ffc76667000 	C:\WINDOWS\SYSTEM32\ntdll.dll
0x00007ffc748c0000 - 0x00007ffc74984000 	C:\WINDOWS\System32\KERNEL32.DLL
0x00007ffc739e0000 - 0x00007ffc73d8c000 	C:\WINDOWS\System32\KERNELBASE.dll
0x00007ffc75580000 - 0x00007ffc75632000 	C:\WINDOWS\System32\ADVAPI32.dll
0x00007ffc74e30000 - 0x00007ffc74ed7000 	C:\WINDOWS\System32\msvcrt.dll
0x00007ffc74390000 - 0x00007ffc7443a000 	C:\WINDOWS\System32\sechost.dll
0x00007ffc740a0000 - 0x00007ffc740c8000 	C:\WINDOWS\System32\bcrypt.dll
0x00007ffc74f00000 - 0x00007ffc75015000 	C:\WINDOWS\System32\RPCRT4.dll
0x00007ffc75680000 - 0x00007ffc7582e000 	C:\WINDOWS\System32\USER32.dll
0x00007ffc73780000 - 0x00007ffc737a6000 	C:\WINDOWS\System32\win32u.dll
0x00007ffc75490000 - 0x00007ffc754b9000 	C:\WINDOWS\System32\GDI32.dll
0x00007ffc737b0000 - 0x00007ffc738c9000 	C:\WINDOWS\System32\gdi32full.dll
0x00007ffc73940000 - 0x00007ffc739da000 	C:\WINDOWS\System32\msvcp_win.dll
0x00007ffc73d90000 - 0x00007ffc73ea1000 	C:\WINDOWS\System32\ucrtbase.dll
0x00007ffc613a0000 - 0x00007ffc61633000 	C:\WINDOWS\WinSxS\amd64_microsoft.windows.common-controls_6595b64144ccf1df_6.0.22621.3672_none_2713b9d173822955\COMCTL32.dll
0x00007ffc75640000 - 0x00007ffc75671000 	C:\WINDOWS\System32\IMM32.DLL
0x00007ffc668d0000 - 0x00007ffc668e5000 	C:\Users\szl\.jdks\corretto-1.8.0_402\jre\bin\vcruntime140.dll
0x00007ffc2e690000 - 0x00007ffc2e72b000 	C:\Users\szl\.jdks\corretto-1.8.0_402\jre\bin\msvcp140.dll
0x000000005bf40000 - 0x000000005c79c000 	C:\Users\szl\.jdks\corretto-1.8.0_402\jre\bin\server\jvm.dll
0x00007ffc74780000 - 0x00007ffc74788000 	C:\WINDOWS\System32\PSAPI.DLL
0x00007ffc48fd0000 - 0x00007ffc48fd9000 	C:\WINDOWS\SYSTEM32\WSOCK32.dll
0x00007ffc69f50000 - 0x00007ffc69f84000 	C:\WINDOWS\SYSTEM32\WINMM.dll
0x00007ffc74830000 - 0x00007ffc748a1000 	C:\WINDOWS\System32\WS2_32.dll
0x00007ffc69490000 - 0x00007ffc6949a000 	C:\WINDOWS\SYSTEM32\VERSION.dll
0x00007ffc72840000 - 0x00007ffc72858000 	C:\WINDOWS\SYSTEM32\kernel.appcore.dll
0x00007ffc668c0000 - 0x00007ffc668d0000 	C:\Users\szl\.jdks\corretto-1.8.0_402\jre\bin\verify.dll
0x00007ffc3e980000 - 0x00007ffc3e9ab000 	C:\Users\szl\.jdks\corretto-1.8.0_402\jre\bin\java.dll
0x00007ffc3bca0000 - 0x00007ffc3bcd2000 	C:\Users\szl\.jdks\corretto-1.8.0_402\jre\bin\instrument.dll
0x00007ffc54710000 - 0x00007ffc54728000 	C:\Users\szl\.jdks\corretto-1.8.0_402\jre\bin\zip.dll

VM Arguments:
jvm_args: -javaagent:E:\Intellij_IDEA\IntelliJ IDEA Community Edition 2023.2.2\lib\idea_rt.jar=59472:E:\Intellij_IDEA\IntelliJ IDEA Community Edition 2023.2.2\bin -Dfile.encoding=UTF-8 
java_command: com.thread.security.Demo3_同步方法.TicketDemo
java_class_path (initial): C:\Users\szl\.jdks\corretto-1.8.0_402\jre\lib\charsets.jar;C:\Users\szl\.jdks\corretto-1.8.0_402\jre\lib\ext\access-bridge-64.jar;C:\Users\szl\.jdks\corretto-1.8.0_402\jre\lib\ext\cldrdata.jar;C:\Users\szl\.jdks\corretto-1.8.0_402\jre\lib\ext\dnsns.jar;C:\Users\szl\.jdks\corretto-1.8.0_402\jre\lib\ext\jaccess.jar;C:\Users\szl\.jdks\corretto-1.8.0_402\jre\lib\ext\jfxrt.jar;C:\Users\szl\.jdks\corretto-1.8.0_402\jre\lib\ext\localedata.jar;C:\Users\szl\.jdks\corretto-1.8.0_402\jre\lib\ext\nashorn.jar;C:\Users\szl\.jdks\corretto-1.8.0_402\jre\lib\ext\sunec.jar;C:\Users\szl\.jdks\corretto-1.8.0_402\jre\lib\ext\sunjce_provider.jar;C:\Users\szl\.jdks\corretto-1.8.0_402\jre\lib\ext\sunmscapi.jar;C:\Users\szl\.jdks\corretto-1.8.0_402\jre\lib\ext\sunpkcs11.jar;C:\Users\szl\.jdks\corretto-1.8.0_402\jre\lib\ext\zipfs.jar;C:\Users\szl\.jdks\corretto-1.8.0_402\jre\lib\jce.jar;C:\Users\szl\.jdks\corretto-1.8.0_402\jre\lib\jfr.jar;C:\Users\szl\.jdks\corretto-1.8.0_402\jre\lib\jfxswt.jar;C:\Users\szl\.jdks\corretto-1.8.0_402\jre\lib\jsse.jar;C:\Users\szl\.jdks\corretto-1.8.0_402\jre\lib\management-agent.jar;C:\Users\szl\.jdks\corretto-1.8.0_402\jre\lib\resources.jar;C:\Users\szl\.jdks\corretto-1.8.0_402\jre\lib\rt.jar;E:\Intellij_IDEA\JavaSE_jinjie\out\production\JavaSE_jinjie;E:\Intellij_IDEA\JavaSE_jinjie\lib\logback-classic-1.2.3.jar;E:\Intellij_IDEA\JavaSE_jinjie\lib\logback-core-1.2.3.jar;E:\Intellij_IDEA\JavaSE_jinjie\lib\slf4j-api-1.7.26.jar;E:\Intellij_IDEA\IntelliJ IDEA Community Edition 2023.2.2\lib\idea_rt.jar
Launcher Type: SUN_STANDARD

Environment Variables:
PATH=E:\VMware\bin\;C:\oraclexe\app\oracle\product\11.2.0\server\bin;D:\Cuda_Toolkit_zhecaishi\bin;D:\Cuda_Toolkit_zhecaishi\libnvvp;C:\Windows\system32;C:\Windows;C:\Windows\System32\Wbem;C:\Windows\System32\WindowsPowerShell\v1.0\;C:\Windows\System32\OpenSSH\;C:\Program Files (x86)\NVIDIA Corporation\PhysX\Common;C:\Program Files\NVIDIA Corporation\NVIDIA NvDLISR;C:\Program Files\dotnet\;C:\WINDOWS\System32\Wbem;E:\PostgreSQL(an zhuang wei zhi)\14\bin;C:\WINDOWS\system32;C:\WINDOWS;C:\WINDOWS\System32\WindowsPowerShell\v1.0\;C:\WINDOWS\System32\OpenSSH\;E:\JDK_21\jdk-21\bin;E:\MingGw\mingw64\bin;E:\w64devkit\w64devkit\bin;C:\Program Files\NVIDIA Corporation\Nsight Compute 2023.3.1\;D:\Cuda_Toolkit\bin;D:\Cuda_Toolkit_zhecaishi\bin;E:\VS_IDE\VC\Tools\MSVC\14.38.33130\bin;E:\VS_IDE\VC\Tools\MSVC\14.38.33130\bin\Hostx64\x64;E:\Windows Kits\10\Windows Performance Toolkit\;D:\BanDiZip\;C:\Program Files\Git\cmd;C:\Users\szl\AppData\Local\Programs\Python\Launcher\;C:\Users\szl\AppData\Local\Microsoft\WindowsApps;C:\WINDOWS\System32\Wbem;E:\LaTex\texlive\2022\bin\win32;C:\Users\szl\.dotnet\tools;E:\VS_IDE\VC\Tools\MSVC\14.38.33130\bin\Hostx64\x64;E:\Pycharm\PyCharm 2024.1\bin;;C:\Program Files (x86)\Tencent\QQGameTempest\Hall.58036\;E:\Clion\CLion 2023.3.4\bin;
USERNAME=szl
OS=Windows_NT
PROCESSOR_IDENTIFIER=Intel64 Family 6 Model 154 Stepping 3, GenuineIntel



---------------  S Y S T E M  ---------------

OS: Windows 11 , 64 bit Build 22621 (10.0.22621.3672)

CPU:total 20 (initial active 20) (10 cores per cpu, 2 threads per core) family 6 model 154 stepping 3, cmov, cx8, fxsr, mmx, sse, sse2, sse3, ssse3, sse4.1, sse4.2, popcnt, avx, avx2, aes, clmul, erms, 3dnowpref, lzcnt, ht, tsc, tscinvbit, bmi1, bmi2, adx

Memory: 4k page, physical 16388656k(3847648k free), swap 24777264k(5264k free)

vm_info: OpenJDK 64-Bit Server VM (25.402-b08) for windows-amd64 JRE (1.8.0_402-b08), built on Jan 18 2024 20:56:13 by "Administrator" with MS VC++ 15.9 (VS2017)

time: Sun Jun 30 02:02:10 2024
timezone: Intel64 Family 6 Model 154 Stepping 3, GenuineIntel
elapsed time: 0.015451 seconds (0d 0h 0m 0s)

